<?xml version="1.0" encoding="UTF-8"?>
<!-- Generated by org.testng.reporters.JUnitReportReporter -->
<testsuite hostname="Abhisheks-MBP2.lan" failures="0" tests="1" name="com.practice.automation.base.GsmartBaseTest" time="8.124" errors="0" timestamp="2023-11-27T17:22:23 EST" skipped="0">
  <testcase classname="com.practice.automation.base.GsmartBaseTest" name="init" time="8.124"/>
</testsuite> <!-- com.practice.automation.base.GsmartBaseTest -->
