<?xml version="1.0" encoding="UTF-8"?>
<!-- Generated by org.testng.reporters.JUnitReportReporter -->
<testsuite hostname="Abhisheks-MBP2.lan" failures="0" tests="2" name="com.practice.automation.search.GsmartSearchTest" time="8.421" errors="0" timestamp="2023-11-27T18:41:15 EST" skipped="0">
  <testcase classname="com.practice.automation.search.GsmartSearchTest" name="launchTest" time="1.414"/>
  <testcase classname="com.practice.automation.search.GsmartSearchTest" name="searchTest" time="7.007"/>
</testsuite> <!-- com.practice.automation.search.GsmartSearchTest -->
