<?xml version="1.0" encoding="UTF-8"?>
<!-- Generated by org.testng.reporters.JUnitReportReporter -->
<testsuite hostname="Abhisheks-MBP2.lan" failures="0" tests="3" name="com.practice.automation.login.GsmartLoginTest" time="5.633" errors="0" timestamp="2023-11-27T19:03:02 EST" skipped="0">
  <testcase classname="com.practice.automation.login.GsmartLoginTest" name="launchTest" time="1.648"/>
  <testcase classname="com.practice.automation.login.GsmartLoginTest" name="navigateBackToHome" time="3.064"/>
  <testcase classname="com.practice.automation.login.GsmartLoginTest" name="loginTest" time="0.921"/>
</testsuite> <!-- com.practice.automation.login.GsmartLoginTest -->
